00001000R
00001004R
00001008R
0000100CR
00001010R
00001000R
00001004R
00001008R
00ABC123W
00DEF456R
00123789R
00001000R
00456ABCW
00789DEFR
00001004R
00001008R
00001000R
0000100CR
00002000R
00002004R
00002008R
0000200CR
00002010R
00002000R
00FED321W
00CBA987R
00654321W
00002004R
00987654R
00321FEDW
00002008R
00002000R
0000200CR
00001000R
00002000R
00001000R
00002000R
00003000R
00003004R
00003008R
0000300CR
00003010R
00003000R
00001000R
00002000R
00003000R
00A1B2C3W
00D4E5F6R
00789012W
00ABC345R
00DEF678W
00123456R
00004000R
00004004R
00004008R
0000400CR
00001000R
00002000R
00003000R
00004000R
00001000R
00003000R
00002000R
00004000R
00567890W
00ABCDEFR
00123456W
00789ABCR
00DEF012W
00345678R
00005000R
00005004R
00005008R
0000500CR
00005010R
00005000R
00005004R
00005008R
00001000R
00003000R
00005000R
00001000R
00003000R
00005000R
00902134W
00BCD567R
00EF8901W
00234567R
00890ABCW
00CDE456R
00006000R
00006004R
00006008R
0000600CR
00006010R
00006000R
00006004R
00006008R
00002000R
00004000R
00006000R
00002000R
00004000R
00006000R
00F78123W
00456789R
00ABCDE0W
00123456R
00789ABCW
00DEF012R
00007000R
00007004R
00007008R
0000700CR
00001000R
00002000R
00003000R
00004000R
00005000R
00006000R
00007000R
00001000R
00002000R
00003000R
00004000R
00005000R
00006000R
00007000R
00345ABC W
00789DEFW
00123456R
00ABCDE7W
00890123R
00DEF456W
00008000R
00008004R
00008008R
0000800CR
00008010R
00008000R
00008004R
00008008R
00001000R
00008000R
00001000R
00008000R
00003000R
00008000R
00003000R
00008000R
00567123W
00ABC789R
00DEF012W
00345678R
00901ABCW
00CDE456R
00009000R
00009004R
00009008R
0000900CR
00009010R
00009000R
00009004R
00009008R
00002000R
00004000R
00006000R
00008000R
00009000R
00002000R
00004000R
00006000R
00008000R
00009000R
00F89234W
00567890R
00ABCDE1W
00234567R
00890123W
00DEF456R
0000A000R
0000A004R
0000A008R
0000A00CR
0000A010R
0000A000R
0000A004R
0000A008R
00001000R
00003000R
00005000R
00007000R
00009000R
0000A000R
00001000R
00003000R
00005000R
00007000R
00009000R
0000A000R
00678ABCW
00DEF123R
00456789W
00ABC012R
00DEF345W
00678901R
0000B000W
0000B004W
0000B008W
0000B00CW
0000B010W
0000B000W
0000B004W
0000B008W
00001000R
0000B000W
00003000R
0000B000W
00005000R
0000B000W
00007000R
0000B000W
00123DEFR
00789ABCW
00CDE456R
00012345W
00678901R
00ABCDEFW