00A45120R
00B78234W
00234567R
00F9A8B7R
001234ABW
00C5D6E7R
009876F2W
00A1B2C3R
00D4E5F6W
007890ABR
00BC123DR
00E456F7W
0089AB0CR
00F1234DR
00567890R
00ABCD12W
003456EFR
00789ABC R
00DEF123W
00456789R
00ABC0DEW
00123456R
00F789ABR
00CDE012W
00345678R
009ABCDER
00DEF890W
00123ABCR
00456DEFW
00789012R
00ABCDEF W
00345678R
00901234R
00ABCD56W
00EF7890R
00234567W
009ABCDER
00FE8901R
00234ABCW
00DEF567R
00890123W
00ABCDE4R
00567890R
00F123ABW
00CDE456R
00789012W
00ABCDEFR
00345678W
00901234R
00ABCD56R
00EF7890W
00234567R
009ABCDEW
00FE8901R
00234ABCR
00DEF567W
00890123R
00ABCDE4W
00567890R
00F123ABR
00CDE456W
00789012R
00ABCDEFR
00345678R
00901234W
00ABCD56R
00EF7890R
00234567W
009ABCDER
00FE8901W
00234ABCR
00DEF567R
00890123W
00ABCDE4R
00567890R
00F123ABW
00CDE456R
00789012R
00ABCDEFW
00345678R
00901234R
00ABCD56W
00EF7890R
00234567R
009ABCDEW
00FE8901R
00234ABCW
00DEF567R
00890123R
00ABCDE4W
00567890R
00F123ABR
00CDE456W
00789012R
00ABCDEFR
00345678W
00901234R
00ABCD56R
00EF7890W
00234567R
009ABCDER
00FE8901W
00234ABCR
00DEF567R
00890123W
00ABCDE4R
00567890R
00F123ABW
00CDE456R
00789012R
00ABCDEFW
00345678R
00901234W
00ABCD56R
00EF7890R
00234567W
009ABCDER
00FE8901R
00234ABCW
00DEF567R
00890123R
00ABCDE4W
00567890R
00F123ABR
00CDE456W
00789012R
00ABCDEFR
00345678R
00901234W
00ABCD56R
00EF7890R
00234567W
009ABCDER
00FE8901W
00234ABCR
00DEF567R
00890123W
00ABCDE4R
00567890R
00F123ABW
00CDE456R
00789012R
00ABCDEFW
00345678R
00901234R
00ABCD56W
00EF7890R
00234567R
009ABCDEW
00FE8901R
00234ABCW
00DEF567R
00890123R
00ABCDE4W
00567890R
00F123ABR
00CDE456W
00789012R
00ABCDEFR
00345678W
00901234R
00ABCD56R
00EF7890W
00234567R
009ABCDER
00FE8901W
00234ABCR
00DEF567R
00890123W
00ABCDE4R
00567890R
00F123ABW
00CDE456R
00789012R
00ABCDEFW
00345678R
00901234W
00ABCD56R
00EF7890R
00234567W
009ABCDER
00FE8901R
00234ABCW
00DEF567R
00890123R
00ABCDE4W
00567890R
00F123ABR
00CDE456W
00789012R
00ABCDEFR
00345678R
00901234W
00ABCD56R
00EF7890R
00234567W
009ABCDER
00FE8901W
00234ABCR
00DEF567R
00890123W
00ABCDE4R
00567890R
00F123ABW
00CDE456R
00789012R
00ABCDEFW
00345678R
00901234R