00001000R
00001004R
00001008R
0000100CR
00001010R
00001014R
00001018R
0000101CR
00001020R
00001024R
00001028R
0000102CR
00001030R
00001034R
00001038R
0000103CR
00002000R
00002004R
00002008R
0000200CR
00002010R
00002014R
00002018R
0000201CR
00002020R
00002024R
00002028R
0000202CR
00002030R
00002034R
00002038R
0000203CR
00003000R
00003004R
00003008R
0000300CR
00003010R
00003014R
00003018R
0000301CR
00003020R
00003024R
00003028R
0000302CR
00003030R
00003034R
00003038R
0000303CR
00004000R
00004004R
00004008R
0000400CR
00004010R
00004014R
00004018R
0000401CR
00004020R
00004024R
00004028R
0000402CR
00004030R
00004034R
00004038R
0000403CR
00005000R
00005004R
00005008R
0000500CR
00005010R
00005014R
00005018R
0000501CR
00005020R
00005024R
00005028R
0000502CR
00005030R
00005034R
00005038R
0000503CR
00006000R
00006004R
00006008R
0000600CR
00006010R
00006014R
00006018R
0000601CR
00006020R
00006024R
00006028R
0000602CR
00006030R
00006034R
00006038R
0000603CR
00007000R
00007004R
00007008R
0000700CR
00007010R
00007014R
00007018R
0000701CR
00007020R
00007024R
00007028R
0000702CR
00007030R
00007034R
00007038R
0000703CR
00008000R
00008004R
00008008R
0000800CR
00008010R
00008014R
00008018R
0000801CR
00008020R
00008024R
00008028R
0000802CR
00008030R
00008034R
00008038R
0000803CR
00009000R
00009004R
00009008R
0000900CR
00009010R
00009014R
00009018R
0000901CR
00009020R
00009024R
00009028R
0000902CR
00009030R
00009034R
00009038R
0000903CR
0000A000R
0000A004R
0000A008R
0000A00CR
0000A010R
0000A014R
0000A018R
0000A01CR
0000A020R
0000A024R
0000A028R
0000A02CR
0000A030R
0000A034R
0000A038R
0000A03CR
0000B000W
0000B004W
0000B008W
0000B00CW
0000B010W
0000B014W
0000B018W
0000B01CW
0000B020W
0000B024W
0000B028W
0000B02CW
0000B030W
0000B034W
0000B038W
0000B03CW
0000C000R
0000C004R
0000C008R
0000C00CR
0000C010R
0000C014R
0000C018R
0000C01CR
0000C020R
0000C024R
0000C028R
0000C02CR
0000C030R
0000C034R
0000C038R
0000C03CR
0000D000R
0000D004R
0000D008R
0000D00CR
0000D010R
0000D014R
0000D018R
0000D01CR
0000D020R
0000D024R
0000D028R
0000D02CR
0000D030R
0000D034R
0000D038R
0000D03CR
0000E000W
0000E004W
0000E008W
0000E00CW
0000E010W
0000E014W
0000E018W
0000E01CW
0000E020W
0000E024W
0000E028W
0000E02CW
0000E030W
0000E034W
0000E038W
0000E03CW
0000F000R
0000F004R
0000F008R
0000F00CR
0000F010R
0000F014R
0000F018R
0000F01CR
0000F020R
0000F024R
0000F028R
0000F02CR
0000F030R
0000F034R
0000F038R
0000F03CR
00010000R
00010004R
00010008R
0001000CR
00010010R
00010014R
00010018R
0001001CR
00010020R
00010024R
00010028R
0001002CR
00010030R
00010034R
00010038R
0001003CR
00011000R
00011004R
00011008R
0001100CR
00011010R
00011014R
00011018R
0001101CR
00011020R
00011024R
00011028R
0001102CR
00011030R
00011034R
00011038R
0001103CR