00001000R
00001004R
00001000R
00001008R
00001000R
00001004R
00001000R
0000100CR
00001000R
00001004R
00001000R
00001008R
00002000R
00002004R
00002000R
00002008R
00002000R
00002004R
00002000R
0000200CR
00001000R
00001004R
00002000R
00002004R
00001000R
00002000R
00001004R
00002004R
00003000R
00003004R
00003000R
00003008R
00003000R
00003004R
00003000R
0000300CR
00001000R
00002000R
00003000R
00001000R
00002000R
00003000R
00001004R
00002004R
00003004R
00001004R
00002004R
00003004R
00004000R
00004004R
00004000R
00004008R
00004000R
00004004R
00004000R
0000400CR
00001000R
00002000R
00003000R
00004000R
00001000R
00002000R
00003000R
00004000R
00001004R
00002004R
00003004R
00004004R
00005000R
00005004R
00005000R
00005008R
00005000R
00005004R
00005000R
0000500CR
00001000R
00003000R
00005000R
00001000R
00003000R
00005000R
00002000R
00004000R
00002000R
00004000R
00006000R
00006004R
00006000R
00006008R
00006000R
00006004R
00006000R
0000600CR
00001000R
00002000R
00003000R
00004000R
00005000R
00006000R
00001000R
00002000R
00003000R
00004000R
00005000R
00006000R
00001004R
00002004R
00003004R
00004004R
00005004R
00006004R
00007000R
00007004R
00007000R
00007008R
00007000R
00007004R
00007000R
0000700CR
00001000R
00007000R
00001000R
00007000R
00003000R
00007000R
00003000R
00007000R
00005000R
00007000R
00005000R
00007000R
00008000R
00008004R
00008000R
00008008R
00008000R
00008004R
00008000R
0000800CR
00002000R
00004000R
00006000R
00008000R
00002000R
00004000R
00006000R
00008000R
00002004R
00004004R
00006004R
00008004R
00009000R
00009004R
00009000R
00009008R
00009000R
00009004R
00009000R
0000900CR
00001000R
00003000R
00005000R
00007000R
00009000R
00001000R
00003000R
00005000R
00007000R
00009000R
00001004R
00003004R
00005004R
00007004R
00009004R
0000A000R
0000A004R
0000A000R
0000A008R
0000A000R
0000A004R
0000A000R
0000A00CR
00001000R
00002000R
00003000R
00004000R
00005000R
00006000R
00007000R
00008000R
00009000R
0000A000R
00001000R
00002000R
00003000R
00004000R
00005000R
00006000R
00007000R
00008000R
00009000R
0000A000R
0000B000W
0000B004W
0000B000W
0000B008W
0000B000W
0000B004W
0000B000W
0000B00CW
00001000R
0000B000W
00003000R
0000B000W
00005000R
0000B000W
00007000R
0000B000W
00009000R
0000B000W
0000A000R
0000B000W
0000C000R
0000C004R
0000C000R
0000C008R
0000C000R
0000C004R
0000C000R
0000C00CR
00001000R
00002000R
00003000R
0000B000W
0000C000R
00001000R
00002000R
00003000R
0000B000W
0000C000R
0000D000R
0000D004R
0000D000R
0000D008R
0000D000R
0000D004R
0000D000R
0000D00CR